Log file open, 03/05/20 16:54:39
LogWindows: Failed to load 'aqProf.dll' (GetLastError=126)
LogWindows: File 'aqProf.dll' does not exist
LogWindows: Failed to load 'VtuneApi.dll' (GetLastError=126)
LogWindows: File 'VtuneApi.dll' does not exist
LogWindows: Failed to load 'VtuneApi32e.dll' (GetLastError=126)
LogWindows: File 'VtuneApi32e.dll' does not exist
LogConsoleResponse: Display: Failed to find resolution value strings in scalability ini. Falling back to default.
LogInit: Display: Running engine for game: TankGame
LogPlatformFile: Not using cached read wrapper
LogTaskGraph: Started task graph with 5 named threads and 23 total threads with 3 sets of task threads.
LogStats: Stats thread started at 0.069526
LogD3D12RHI: Aftermath initialized
LogD3D12RHI: Loading WinPixEventRuntime.dll for PIX profiling (from ../../../Engine/Binaries/ThirdParty/Windows/DirectX/x64).
LogD3D11RHI: Loaded GFSDK_Aftermath_Lib.x64.dll
LogICUInternationalization: ICU TimeZone Detection - Raw Offset: +2:00, Platform Override: ''
LogPluginManager: Mounting plugin Paper2D
LogPluginManager: Mounting plugin AISupport
LogPluginManager: Mounting plugin LightPropagationVolume
LogPluginManager: Mounting plugin ActorLayerUtilities
LogPluginManager: Mounting plugin AnimationSharing
LogPluginManager: Mounting plugin CLionSourceCodeAccess
LogPluginManager: Mounting plugin CodeLiteSourceCodeAccess
LogPluginManager: Mounting plugin GitSourceControl
LogPluginManager: Mounting plugin KDevelopSourceCodeAccess
LogPluginManager: Mounting plugin NullSourceCodeAccess
LogPluginManager: Mounting plugin PerforceSourceControl
LogPluginManager: Mounting plugin SubversionSourceControl
LogPluginManager: Mounting plugin UObjectPlugin
LogPluginManager: Mounting plugin VisualStudioCodeSourceCodeAccess
LogPluginManager: Mounting plugin VisualStudioSourceCodeAccess
LogPluginManager: Mounting plugin XCodeSourceCodeAccess
LogPluginManager: Mounting plugin AssetManagerEditor
LogPluginManager: Mounting plugin CryptoKeys
LogPluginManager: Mounting plugin CurveEditorTools
LogPluginManager: Mounting plugin DataValidation
LogPluginManager: Mounting plugin FacialAnimation
LogPluginManager: Mounting plugin GameplayTagsEditor
LogPluginManager: Mounting plugin MacGraphicsSwitching
LogPluginManager: Mounting plugin MaterialAnalyzer
LogPluginManager: Mounting plugin MobileLauncherProfileWizard
LogPluginManager: Mounting plugin PluginBrowser
LogPluginManager: Mounting plugin SpeedTreeImporter
LogPluginManager: Mounting plugin DatasmithContent
LogPluginManager: Mounting plugin VariantManagerContent
LogPluginManager: Mounting plugin AlembicImporter
LogPluginManager: Mounting plugin AutomationUtils
LogPluginManager: Mounting plugin BackChannel
LogPluginManager: Mounting plugin CharacterAI
LogPluginManager: Mounting plugin GeometryCache
LogPluginManager: Mounting plugin HTML5Networking
LogPluginManager: Mounting plugin PlatformCrypto
LogPluginManager: Mounting plugin ProxyLODPlugin
LogPluginManager: Mounting plugin SkeletalReduction
LogPluginManager: Mounting plugin MagicLeap
LogPluginManager: Mounting plugin MagicLeapMedia
LogPluginManager: Mounting plugin AndroidMedia
LogPluginManager: Mounting plugin AvfMedia
LogPluginManager: Mounting plugin ImgMedia
LogPluginManager: Mounting plugin MediaCompositing
LogPluginManager: Mounting plugin MediaPlayerEditor
LogPluginManager: Mounting plugin WebMMedia
LogPluginManager: Mounting plugin WmfMedia
LogPluginManager: Mounting plugin TcpMessaging
LogPluginManager: Mounting plugin UdpMessaging
LogPluginManager: Mounting plugin ActorSequence
LogPluginManager: Mounting plugin LevelSequenceEditor
LogPluginManager: Mounting plugin MatineeToLevelSequence
LogPluginManager: Mounting plugin NetcodeUnitTest
LogPluginManager: Mounting plugin NUTUnrealEngine4
LogPluginManager: Mounting plugin OnlineSubsystemGooglePlay
LogPluginManager: Mounting plugin OnlineSubsystemIOS
LogPluginManager: Mounting plugin OnlineSubsystem
LogPluginManager: Mounting plugin OnlineSubsystemNull
LogPluginManager: Mounting plugin OnlineSubsystemUtils
LogPluginManager: Mounting plugin LauncherChunkInstaller
LogPluginManager: Mounting plugin AndroidDeviceProfileSelector
LogPluginManager: Mounting plugin AndroidMoviePlayer
LogPluginManager: Mounting plugin AndroidPermission
LogPluginManager: Mounting plugin AppleImageUtils
LogPluginManager: Mounting plugin AppleMoviePlayer
LogPluginManager: Mounting plugin ArchVisCharacter
LogPluginManager: Mounting plugin AudioCapture
LogPluginManager: Mounting plugin CableComponent
LogPluginManager: Mounting plugin CustomMeshComponent
LogPluginManager: Mounting plugin EditableMesh
LogPluginManager: Mounting plugin ExampleDeviceProfileSelector
LogPluginManager: Mounting plugin GoogleCloudMessaging
LogPluginManager: Mounting plugin IOSDeviceProfileSelector
LogPluginManager: Mounting plugin LinuxDeviceProfileSelector
LogPluginManager: Mounting plugin LocationServicesBPLibrary
LogPluginManager: Mounting plugin MobilePatchingUtils
LogPluginManager: Mounting plugin OculusVR
LogPluginManager: Mounting plugin PhysXVehicles
LogPluginManager: Mounting plugin ProceduralMeshComponent
LogPluginManager: Mounting plugin RuntimePhysXCooking
LogPluginManager: Mounting plugin SignificanceManager
LogPluginManager: Mounting plugin SteamVR
LogPluginManager: Mounting plugin WebMMoviePlayer
LogPluginManager: Mounting plugin WindowsMoviePlayer
LogPluginManager: Mounting plugin ScreenshotTools
LogInit: Using libcurl 7.55.1-DEV
LogInit:  - built for x86_64-pc-win32
LogInit:  - supports SSL with OpenSSL/1.1.1
LogInit:  - supports HTTP deflate (compression) using libz 1.2.8
LogInit:  - other features:
LogInit:      CURL_VERSION_SSL
LogInit:      CURL_VERSION_LIBZ
LogInit:      CURL_VERSION_IPV6
LogInit:      CURL_VERSION_ASYNCHDNS
LogInit:      CURL_VERSION_LARGEFILE
LogInit:      CURL_VERSION_IDN
LogInit:  CurlRequestOptions (configurable via config and command line):
LogInit:  - bVerifyPeer = true  - Libcurl will verify peer certificate
LogInit:  - bUseHttpProxy = false  - Libcurl will NOT use HTTP proxy
LogInit:  - bDontReuseConnections = false  - Libcurl will reuse connections
LogInit:  - MaxHostConnections = 16  - Libcurl will limit the number of connections to a host
LogInit:  - LocalHostAddr = Default
LogInit:  - BufferSize = 65536
LogOnline: OSS: Creating online subsystem instance for: NULL
LogInit: WinSock: version 1.1 (2.2), MaxSocks=32767, MaxUdp=65467
LogInit: Build: ++UE4+Release-4.23-CL-9631420
LogInit: Engine Version: 4.23.1-9631420+++UE4+Release-4.23
LogInit: Compatible Engine Version: 4.23.0-8386587+++UE4+Release-4.23
LogInit: Net CL: 8386587
LogInit: OS: Windows 10 (Release 1909) (), CPU: Intel(R) Core(TM) i7-6700K CPU @ 4.00GHz, GPU: Intel(R) HD Graphics 530
LogInit: Compiled (64-bit): Oct 18 2019 02:07:44
LogInit: Compiled with Visual C++: 19.16.27030.01
LogInit: Build Configuration: Development
LogInit: Branch Name: ++UE4+Release-4.23
LogInit: Command Line:  -dx12
LogInit: Base Directory: D:/Games/UE_4.23/Engine/Binaries/Win64/
LogInit: Installed Engine Build: 1
LogDevObjectVersion: Number of dev versions registered: 23
LogDevObjectVersion:   Dev-Blueprints (B0D832E4-1F89-4F0D-ACCF-7EB736FD4AA2): 10
LogDevObjectVersion:   Dev-Build (E1C64328-A22C-4D53-A36C-8E866417BD8C): 0
LogDevObjectVersion:   Dev-Core (375EC13C-06E4-48FB-B500-84F0262A717E): 3
LogDevObjectVersion:   Dev-Editor (E4B068ED-F494-42E9-A231-DA0B2E46BB41): 34
LogDevObjectVersion:   Dev-Framework (CFFC743F-43B0-4480-9391-14DF171D2073): 35
LogDevObjectVersion:   Dev-Mobile (B02B49B5-BB20-44E9-A304-32B752E40360): 2
LogDevObjectVersion:   Dev-Networking (A4E4105C-59A1-49B5-A7C5-40C4547EDFEE): 0
LogDevObjectVersion:   Dev-Online (39C831C9-5AE6-47DC-9A44-9C173E1C8E7C): 0
LogDevObjectVersion:   Dev-Physics (78F01B33-EBEA-4F98-B9B4-84EACCB95AA2): 0
LogDevObjectVersion:   Dev-Platform (6631380F-2D4D-43E0-8009-CF276956A95A): 0
LogDevObjectVersion:   Dev-Rendering (12F88B9F-8875-4AFC-A67C-D90C383ABD29): 31
LogDevObjectVersion:   Dev-Sequencer (7B5AE74C-D270-4C10-A958-57980B212A5A): 11
LogDevObjectVersion:   Dev-VR (D7296918-1DD6-4BDD-9DE2-64A83CC13884): 2
LogDevObjectVersion:   Dev-LoadTimes (C2A15278-BFE7-4AFE-6C17-90FF531DF755): 1
LogDevObjectVersion:   Private-Geometry (6EACA3D4-40EC-4CC1-B786-8BED09428FC5): 3
LogDevObjectVersion:   Dev-AnimPhys (29E575DD-E0A3-4627-9D10-D276232CDCEA): 17
LogDevObjectVersion:   Dev-Anim (AF43A65D-7FD3-4947-9873-3E8ED9C1BB05): 2
LogDevObjectVersion:   Dev-ReflectionCapture (6B266CEC-1EC7-4B8F-A30B-E4D90942FC07): 1
LogDevObjectVersion:   Dev-Automation (0DF73D61-A23F-47EA-B727-89E90C41499A): 1
LogDevObjectVersion:   FortniteMain (601D1886-AC64-4F84-AA16-D3DE0DEAC7D6): 27
LogDevObjectVersion:   Dev-Enterprise (9DFFBCD6-494F-0158-E221-12823C92A888): 6
LogDevObjectVersion:   Dev-Niagara (F2AED0AC-9AFE-416F-8664-AA7FFA26D6FC): 1
LogDevObjectVersion:   Dev-Destruction (174F1F0B-B4C6-45A5-B13F-2EE8D0FB917D): 9
LogInit: Presizing for max 16777216 objects, including 0 objects not considered by GC, pre-allocating 0 bytes for permanent pool.
LogInit: Object subsystem initialized
LogConfig: Setting CVar [[con.DebugEarlyDefault:1]]
LogConfig: Setting CVar [[r.setres:1280x720]]
[2020.03.05-14.54.39:635][  0]LogConfig: Setting CVar [[r.VSync:0]]
[2020.03.05-14.54.39:635][  0]LogConfig: Setting CVar [[r.RHICmdBypass:0]]
[2020.03.05-14.54.39:635][  0]LogConfig: Applying CVar settings from Section [/Script/Engine.RendererSettings] File [D:/Games/projects/TankGame/Saved/Config/Windows/Engine.ini]
[2020.03.05-14.54.39:635][  0]LogConfig: Setting CVar [[r.GPUCrashDebugging:0]]
[2020.03.05-14.54.39:635][  0]LogConfig: Setting CVar [[r.MobileHDR:1]]
[2020.03.05-14.54.39:635][  0]LogConfig: Setting CVar [[r.Mobile.DisableVertexFog:1]]
[2020.03.05-14.54.39:635][  0]LogConfig: Setting CVar [[r.Shadow.CSM.MaxMobileCascades:2]]
[2020.03.05-14.54.39:635][  0]LogConfig: Setting CVar [[r.MobileMSAA:1]]
[2020.03.05-14.54.39:635][  0]LogConfig: Setting CVar [[r.Mobile.UseLegacyShadingModel:0]]
[2020.03.05-14.54.39:635][  0]LogConfig: Setting CVar [[r.Mobile.UseHWsRGBEncoding:0]]
[2020.03.05-14.54.39:635][  0]LogConfig: Setting CVar [[r.Mobile.AllowDitheredLODTransition:0]]
[2020.03.05-14.54.39:635][  0]LogConfig: Setting CVar [[r.Mobile.AllowSoftwareOcclusion:0]]
[2020.03.05-14.54.39:635][  0]LogConfig: Setting CVar [[r.DiscardUnusedQuality:0]]
[2020.03.05-14.54.39:635][  0]LogConfig: Setting CVar [[r.AllowOcclusionQueries:1]]
[2020.03.05-14.54.39:635][  0]LogConfig: Setting CVar [[r.MinScreenRadiusForLights:0.030000]]
[2020.03.05-14.54.39:635][  0]LogConfig: Setting CVar [[r.MinScreenRadiusForDepthPrepass:0.030000]]
[2020.03.05-14.54.39:635][  0]LogConfig: Setting CVar [[r.MinScreenRadiusForCSMDepth:0.010000]]
[2020.03.05-14.54.39:635][  0]LogConfig: Setting CVar [[r.PrecomputedVisibilityWarning:0]]
[2020.03.05-14.54.39:635][  0]LogConfig: Setting CVar [[r.TextureStreaming:1]]
[2020.03.05-14.54.39:635][  0]LogConfig: Setting CVar [[Compat.UseDXT5NormalMaps:0]]
[2020.03.05-14.54.39:635][  0]LogConfig: Setting CVar [[r.VirtualTextures:0]]
[2020.03.05-14.54.39:635][  0]LogConfig: Setting CVar [[r.VirtualTexturedLightmaps:0]]
[2020.03.05-14.54.39:635][  0]LogConfig: Setting CVar [[r.VT.TileSize:128]]
[2020.03.05-14.54.39:635][  0]LogConfig: Setting CVar [[r.VT.TileBorderSize:4]]
[2020.03.05-14.54.39:635][  0]LogConfig: Setting CVar [[r.vt.FeedbackFactor:16]]
[2020.03.05-14.54.39:635][  0]LogConfig: Setting CVar [[r.VT.EnableCompressZlib:1]]
[2020.03.05-14.54.39:635][  0]LogConfig: Setting CVar [[r.VT.EnableCompressCrunch:0]]
[2020.03.05-14.54.39:635][  0]LogConfig: Setting CVar [[r.ClearCoatNormal:0]]
[2020.03.05-14.54.39:635][  0]LogConfig: Setting CVar [[r.ReflectionCaptureResolution:128]]
[2020.03.05-14.54.39:635][  0]LogConfig: Setting CVar [[r.ReflectionEnvironmentLightmapMixBasedOnRoughness:1]]
[2020.03.05-14.54.39:635][  0]LogConfig: Setting CVar [[r.ForwardShading:0]]
[2020.03.05-14.54.39:635][  0]LogConfig: Setting CVar [[r.VertexFoggingForOpaque:1]]
[2020.03.05-14.54.39:635][  0]LogConfig: Setting CVar [[r.AllowStaticLighting:1]]
[2020.03.05-14.54.39:635][  0]LogConfig: Setting CVar [[r.NormalMapsForStaticLighting:0]]
[2020.03.05-14.54.39:635][  0]LogConfig: Setting CVar [[r.GenerateMeshDistanceFields:0]]
[2020.03.05-14.54.39:635][  0]LogConfig: Setting CVar [[r.DistanceFieldBuild.EightBit:0]]
[2020.03.05-14.54.39:635][  0]LogConfig: Setting CVar [[r.GenerateLandscapeGIData:0]]
[2020.03.05-14.54.39:635][  0]LogConfig: Setting CVar [[r.DistanceFieldBuild.Compress:0]]
[2020.03.05-14.54.39:635][  0]LogConfig: Setting CVar [[r.TessellationAdaptivePixelsPerTriangle:48.000000]]
[2020.03.05-14.54.39:635][  0]LogConfig: Setting CVar [[r.SeparateTranslucency:0]]
[2020.03.05-14.54.39:635][  0]LogConfig: Setting CVar [[r.TranslucentSortPolicy:0]]
[2020.03.05-14.54.39:635][  0]LogConfig: Setting CVar [[r.CustomDepth:1]]
[2020.03.05-14.54.39:635][  0]LogConfig: Setting CVar [[r.CustomDepthTemporalAAJitter:1]]
[2020.03.05-14.54.39:635][  0]LogConfig: Setting CVar [[r.PostProcessing.PropagateAlpha:0]]
[2020.03.05-14.54.39:635][  0]LogConfig: Setting CVar [[r.DefaultFeature.Bloom:1]]
[2020.03.05-14.54.39:635][  0]LogConfig: Setting CVar [[r.DefaultFeature.AmbientOcclusion:0]]
[2020.03.05-14.54.39:635][  0]LogConfig: Setting CVar [[r.DefaultFeature.AmbientOcclusionStaticFraction:1]]
[2020.03.05-14.54.39:635][  0]LogConfig: Setting CVar [[r.DefaultFeature.AutoExposure:0]]
[2020.03.05-14.54.39:635][  0]LogConfig: Setting CVar [[r.DefaultFeature.AutoExposure.Method:0]]
[2020.03.05-14.54.39:635][  0]LogConfig: Setting CVar [[r.DefaultFeature.AutoExposure.ExtendDefaultLuminanceRange:1]]
[2020.03.05-14.54.39:635][  0]LogConfig: Setting CVar [[r.UsePreExposure:1]]
[2020.03.05-14.54.39:635][  0]LogConfig: Setting CVar [[r.EyeAdaptation.EditorOnly:1]]
[2020.03.05-14.54.39:635][  0]LogConfig: Setting CVar [[r.DefaultFeature.MotionBlur:0]]
[2020.03.05-14.54.39:635][  0]LogConfig: Setting CVar [[r.DefaultFeature.LensFlare:0]]
[2020.03.05-14.54.39:635][  0]LogConfig: Setting CVar [[r.TemporalAA.Upsampling:0]]
[2020.03.05-14.54.39:636][  0]LogConfig: Setting CVar [[r.DefaultFeature.AntiAliasing:0]]
[2020.03.05-14.54.39:636][  0]LogConfig: Setting CVar [[r.DefaultFeature.LightUnits:1]]
[2020.03.05-14.54.39:636][  0]LogConfig: Setting CVar [[r.DefaultBackBufferPixelFormat:4]]
[2020.03.05-14.54.39:636][  0]LogConfig: Setting CVar [[r.Shadow.UnbuiltPreviewInGame:1]]
[2020.03.05-14.54.39:636][  0]LogConfig: Setting CVar [[r.StencilForLODDither:0]]
[2020.03.05-14.54.39:636][  0]LogConfig: Setting CVar [[r.EarlyZPass:3]]
[2020.03.05-14.54.39:636][  0]LogConfig: Setting CVar [[r.EarlyZPassOnlyMaterialMasking:0]]
[2020.03.05-14.54.39:636][  0]LogConfig: Setting CVar [[r.DBuffer:1]]
[2020.03.05-14.54.39:636][  0]LogConfig: Setting CVar [[r.ClearSceneMethod:1]]
[2020.03.05-14.54.39:636][  0]LogConfig: Setting CVar [[r.BasePassOutputsVelocity:0]]
[2020.03.05-14.54.39:636][  0]LogConfig: Setting CVar [[r.SelectiveBasePassOutputs:0]]
[2020.03.05-14.54.39:636][  0]LogConfig: Setting CVar [[fx.GPUSimulationTextureSizeX:1024]]
[2020.03.05-14.54.39:636][  0]LogConfig: Setting CVar [[fx.GPUSimulationTextureSizeY:1024]]
[2020.03.05-14.54.39:636][  0]LogConfig: Setting CVar [[r.AllowGlobalClipPlane:0]]
[2020.03.05-14.54.39:636][  0]LogConfig: Setting CVar [[r.GBufferFormat:1]]
[2020.03.05-14.54.39:636][  0]LogConfig: Setting CVar [[r.MorphTarget.Mode:1]]
[2020.03.05-14.54.39:636][  0]LogConfig: Setting CVar [[vr.InstancedStereo:0]]
[2020.03.05-14.54.39:636][  0]LogConfig: Setting CVar [[vr.MultiView:0]]
[2020.03.05-14.54.39:636][  0]LogConfig: Setting CVar [[vr.MobileMultiView:0]]
[2020.03.05-14.54.39:636][  0]LogConfig: Setting CVar [[vr.MobileMultiView.Direct:0]]
[2020.03.05-14.54.39:636][  0]LogConfig: Setting CVar [[vr.RoundRobinOcclusion:0]]
[2020.03.05-14.54.39:636][  0]LogConfig: Setting CVar [[vr.ODSCapture:0]]
[2020.03.05-14.54.39:636][  0]LogConfig: Setting CVar [[r.WireframeCullThreshold:5.000000]]
[2020.03.05-14.54.39:636][  0]LogConfig: Setting CVar [[r.RayTracing:0]]
[2020.03.05-14.54.39:636][  0]LogConfig: Setting CVar [[r.SupportStationarySkylight:1]]
[2020.03.05-14.54.39:636][  0]LogConfig: Setting CVar [[r.SupportLowQualityLightmaps:1]]
[2020.03.05-14.54.39:636][  0]LogConfig: Setting CVar [[r.SupportPointLightWholeSceneShadows:1]]
[2020.03.05-14.54.39:636][  0]LogConfig: Setting CVar [[r.SupportAtmosphericFog:0]]
[2020.03.05-14.54.39:636][  0]LogConfig: Setting CVar [[r.SkinCache.CompileShaders:0]]
[2020.03.05-14.54.39:636][  0]LogConfig: Setting CVar [[r.Mobile.EnableStaticAndCSMShadowReceivers:1]]
[2020.03.05-14.54.39:636][  0]LogConfig: Setting CVar [[r.Mobile.EnableMovableLightCSMShaderCulling:1]]
[2020.03.05-14.54.39:636][  0]LogConfig: Setting CVar [[r.Mobile.AllowDistanceFieldShadows:1]]
[2020.03.05-14.54.39:636][  0]LogConfig: Setting CVar [[r.Mobile.AllowMovableDirectionalLights:1]]
[2020.03.05-14.54.39:636][  0]LogConfig: Setting CVar [[r.MobileNumDynamicPointLights:4]]
[2020.03.05-14.54.39:636][  0]LogConfig: Setting CVar [[r.MobileDynamicPointLightsUseStaticBranch:1]]
[2020.03.05-14.54.39:636][  0]LogConfig: Setting CVar [[r.Mobile.EnableMovableSpotlights:0]]
[2020.03.05-14.54.39:636][  0]LogConfig: Setting CVar [[r.SkinCache.SceneMemoryLimitInMB:128.000000]]
[2020.03.05-14.54.39:636][  0]LogConfig: Setting CVar [[r.GPUSkin.Limit2BoneInfluences:0]]
[2020.03.05-14.54.39:636][  0]LogConfig: Setting CVar [[r.SupportDepthOnlyIndexBuffers:1]]
[2020.03.05-14.54.39:636][  0]LogConfig: Setting CVar [[r.SupportReversedIndexBuffers:1]]
[2020.03.05-14.54.39:636][  0]LogConfig: Setting CVar [[r.SupportMaterialLayers:0]]
[2020.03.05-14.54.39:636][  0]LogConfig: Applying CVar settings from Section [/Script/Engine.RendererOverrideSettings] File [D:/Games/projects/TankGame/Saved/Config/Windows/Engine.ini]
[2020.03.05-14.54.39:636][  0]LogConfig: Applying CVar settings from Section [/Script/Engine.StreamingSettings] File [D:/Games/projects/TankGame/Saved/Config/Windows/Engine.ini]
[2020.03.05-14.54.39:636][  0]LogConfig: Setting CVar [[s.MinBulkDataSizeForAsyncLoading:131072]]
[2020.03.05-14.54.39:636][  0]LogConfig: Setting CVar [[s.AsyncLoadingThreadEnabled:0]]
[2020.03.05-14.54.39:636][  0]LogConfig: Setting CVar [[s.EventDrivenLoaderEnabled:1]]
[2020.03.05-14.54.39:636][  0]LogConfig: Setting CVar [[s.WarnIfTimeLimitExceeded:0]]
[2020.03.05-14.54.39:636][  0]LogConfig: Setting CVar [[s.TimeLimitExceededMultiplier:1.5]]
[2020.03.05-14.54.39:636][  0]LogConfig: Setting CVar [[s.TimeLimitExceededMinTime:0.005]]
[2020.03.05-14.54.39:636][  0]LogConfig: Setting CVar [[s.UseBackgroundLevelStreaming:1]]
[2020.03.05-14.54.39:636][  0]LogConfig: Setting CVar [[s.PriorityAsyncLoadingExtraTime:15.0]]
[2020.03.05-14.54.39:636][  0]LogConfig: Setting CVar [[s.LevelStreamingActorsUpdateTimeLimit:5.0]]
[2020.03.05-14.54.39:636][  0]LogConfig: Setting CVar [[s.PriorityLevelStreamingActorsUpdateExtraTime:5.0]]
[2020.03.05-14.54.39:636][  0]LogConfig: Setting CVar [[s.LevelStreamingComponentsRegistrationGranularity:10]]
[2020.03.05-14.54.39:636][  0]LogConfig: Setting CVar [[s.UnregisterComponentsTimeLimit:1.0]]
[2020.03.05-14.54.39:636][  0]LogConfig: Setting CVar [[s.LevelStreamingComponentsUnregistrationGranularity:5]]
[2020.03.05-14.54.39:636][  0]LogConfig: Applying CVar settings from Section [/Script/Engine.GarbageCollectionSettings] File [D:/Games/projects/TankGame/Saved/Config/Windows/Engine.ini]
[2020.03.05-14.54.39:636][  0]LogConfig: Setting CVar [[gc.MaxObjectsNotConsideredByGC:1]]
[2020.03.05-14.54.39:636][  0]LogConfig: Setting CVar [[gc.SizeOfPermanentObjectPool:0]]
[2020.03.05-14.54.39:636][  0]LogConfig: Setting CVar [[gc.FlushStreamingOnGC:0]]
[2020.03.05-14.54.39:636][  0]LogConfig: Setting CVar [[gc.NumRetriesBeforeForcingGC:10]]
[2020.03.05-14.54.39:636][  0]LogConfig: Setting CVar [[gc.AllowParallelGC:1]]
[2020.03.05-14.54.39:636][  0]LogConfig: Setting CVar [[gc.TimeBetweenPurgingPendingKillObjects:61.1]]
[2020.03.05-14.54.39:636][  0]LogConfig: Setting CVar [[gc.MaxObjectsInEditor:16777216]]
[2020.03.05-14.54.39:636][  0]LogConfig: Setting CVar [[gc.IncrementalBeginDestroyEnabled:1]]
[2020.03.05-14.54.39:636][  0]LogConfig: Setting CVar [[gc.CreateGCClusters:1]]
[2020.03.05-14.54.39:636][  0]LogConfig: Setting CVar [[gc.MinGCClusterSize:5]]
[2020.03.05-14.54.39:636][  0]LogConfig: Setting CVar [[gc.ActorClusteringEnabled:0]]
[2020.03.05-14.54.39:636][  0]LogConfig: Setting CVar [[gc.BlueprintClusteringEnabled:0]]
[2020.03.05-14.54.39:637][  0]LogConfig: Setting CVar [[gc.UseDisregardForGCOnDedicatedServers:0]]
[2020.03.05-14.54.39:637][  0]LogConfig: Applying CVar settings from Section [/Script/Engine.NetworkSettings] File [D:/Games/projects/TankGame/Saved/Config/Windows/Engine.ini]
[2020.03.05-14.54.39:637][  0]LogConfig: Applying CVar settings from Section [/Script/UnrealEd.CookerSettings] File [D:/Games/projects/TankGame/Saved/Config/Windows/Engine.ini]
[2020.03.05-14.54.39:641][  0]LogConfig: Applying CVar settings from Section [ViewDistanceQuality@3] File [D:/Games/projects/TankGame/Saved/Config/Windows/Scalability.ini]
[2020.03.05-14.54.39:641][  0]LogConfig: Setting CVar [[r.SkeletalMeshLODBias:0]]
[2020.03.05-14.54.39:641][  0]LogConfig: Setting CVar [[r.ViewDistanceScale:1.0]]
[2020.03.05-14.54.39:641][  0]LogConfig: Applying CVar settings from Section [AntiAliasingQuality@3] File [D:/Games/projects/TankGame/Saved/Config/Windows/Scalability.ini]
[2020.03.05-14.54.39:641][  0]LogConfig: Setting CVar [[r.PostProcessAAQuality:4]]
[2020.03.05-14.54.39:641][  0]LogConfig: Applying CVar settings from Section [ShadowQuality@3] File [D:/Games/projects/TankGame/Saved/Config/Windows/Scalability.ini]
[2020.03.05-14.54.39:641][  0]LogConfig: Setting CVar [[r.LightFunctionQuality:1]]
[2020.03.05-14.54.39:641][  0]LogConfig: Setting CVar [[r.ShadowQuality:5]]
[2020.03.05-14.54.39:641][  0]LogConfig: Setting CVar [[r.Shadow.CSM.MaxCascades:10]]
[2020.03.05-14.54.39:641][  0]LogConfig: Setting CVar [[r.Shadow.MaxResolution:2048]]
[2020.03.05-14.54.39:641][  0]LogConfig: Setting CVar [[r.Shadow.MaxCSMResolution:2048]]
[2020.03.05-14.54.39:641][  0]LogConfig: Setting CVar [[r.Shadow.RadiusThreshold:0.01]]
[2020.03.05-14.54.39:641][  0]LogConfig: Setting CVar [[r.Shadow.DistanceScale:1.0]]
[2020.03.05-14.54.39:641][  0]LogConfig: Setting CVar [[r.Shadow.CSM.TransitionScale:1.0]]
[2020.03.05-14.54.39:641][  0]LogConfig: Setting CVar [[r.Shadow.PreShadowResolutionFactor:1.0]]
[2020.03.05-14.54.39:641][  0]LogConfig: Setting CVar [[r.DistanceFieldShadowing:1]]
[2020.03.05-14.54.39:641][  0]LogConfig: Setting CVar [[r.DistanceFieldAO:1]]
[2020.03.05-14.54.39:641][  0]LogConfig: Setting CVar [[r.AOQuality:2]]
[2020.03.05-14.54.39:641][  0]LogConfig: Setting CVar [[r.VolumetricFog:1]]
[2020.03.05-14.54.39:642][  0]LogConfig: Setting CVar [[r.VolumetricFog.GridPixelSize:8]]
[2020.03.05-14.54.39:642][  0]LogConfig: Setting CVar [[r.VolumetricFog.GridSizeZ:128]]
[2020.03.05-14.54.39:642][  0]LogConfig: Setting CVar [[r.VolumetricFog.HistoryMissSupersampleCount:4]]
[2020.03.05-14.54.39:642][  0]LogConfig: Setting CVar [[r.LightMaxDrawDistanceScale:1]]
[2020.03.05-14.54.39:642][  0]LogConfig: Setting CVar [[r.CapsuleShadows:1]]
[2020.03.05-14.54.39:642][  0]LogConfig: Applying CVar settings from Section [PostProcessQuality@3] File [D:/Games/projects/TankGame/Saved/Config/Windows/Scalability.ini]
[2020.03.05-14.54.39:642][  0]LogConfig: Setting CVar [[r.MotionBlurQuality:4]]
[2020.03.05-14.54.39:642][  0]LogConfig: Setting CVar [[r.AmbientOcclusionMipLevelFactor:0.4]]
[2020.03.05-14.54.39:642][  0]LogConfig: Setting CVar [[r.AmbientOcclusionMaxQuality:100]]
[2020.03.05-14.54.39:642][  0]LogConfig: Setting CVar [[r.AmbientOcclusionLevels:-1]]
[2020.03.05-14.54.39:642][  0]LogConfig: Setting CVar [[r.AmbientOcclusionRadiusScale:1.0]]
[2020.03.05-14.54.39:642][  0]LogConfig: Setting CVar [[r.DepthOfFieldQuality:2]]
[2020.03.05-14.54.39:642][  0]LogConfig: Setting CVar [[r.RenderTargetPoolMin:400]]
[2020.03.05-14.54.39:642][  0]LogConfig: Setting CVar [[r.LensFlareQuality:2]]
[2020.03.05-14.54.39:642][  0]LogConfig: Setting CVar [[r.SceneColorFringeQuality:1]]
[2020.03.05-14.54.39:642][  0]LogConfig: Setting CVar [[r.EyeAdaptationQuality:2]]
[2020.03.05-14.54.39:642][  0]LogConfig: Setting CVar [[r.BloomQuality:5]]
[2020.03.05-14.54.39:642][  0]LogConfig: Setting CVar [[r.FastBlurThreshold:100]]
[2020.03.05-14.54.39:642][  0]LogConfig: Setting CVar [[r.Upscale.Quality:3]]
[2020.03.05-14.54.39:642][  0]LogConfig: Setting CVar [[r.Tonemapper.GrainQuantization:1]]
[2020.03.05-14.54.39:642][  0]LogConfig: Setting CVar [[r.LightShaftQuality:1]]
[2020.03.05-14.54.39:642][  0]LogConfig: Setting CVar [[r.Filter.SizeScale:1]]
[2020.03.05-14.54.39:642][  0]LogConfig: Setting CVar [[r.Tonemapper.Quality:5]]
[2020.03.05-14.54.39:642][  0]LogConfig: Setting CVar [[r.DOF.Gather.AccumulatorQuality:1        ; higher gathering accumulator quality]]
[2020.03.05-14.54.39:642][  0]LogConfig: Setting CVar [[r.DOF.Gather.PostfilterMethod:1          ; Median3x3 postfilering method]]
[2020.03.05-14.54.39:642][  0]LogConfig: Setting CVar [[r.DOF.Gather.EnableBokehSettings:0       ; no bokeh simulation when gathering]]
[2020.03.05-14.54.39:642][  0]LogConfig: Setting CVar [[r.DOF.Gather.RingCount:4                 ; medium number of samples when gathering]]
[2020.03.05-14.54.39:642][  0]LogConfig: Setting CVar [[r.DOF.Scatter.ForegroundCompositing:1    ; additive foreground scattering]]
[2020.03.05-14.54.39:642][  0]LogConfig: Setting CVar [[r.DOF.Scatter.BackgroundCompositing:2    ; additive background scattering]]
[2020.03.05-14.54.39:642][  0]LogConfig: Setting CVar [[r.DOF.Scatter.EnableBokehSettings:1      ; bokeh simulation when scattering]]
[2020.03.05-14.54.39:642][  0]LogConfig: Setting CVar [[r.DOF.Scatter.MaxSpriteRatio:0.1         ; only a maximum of 10% of scattered bokeh]]
[2020.03.05-14.54.39:642][  0]LogConfig: Setting CVar [[r.DOF.Recombine.Quality:1                ; cheap slight out of focus]]
[2020.03.05-14.54.39:642][  0]LogConfig: Setting CVar [[r.DOF.Recombine.EnableBokehSettings:0    ; no bokeh simulation on slight out of focus]]
[2020.03.05-14.54.39:642][  0]LogConfig: Setting CVar [[r.DOF.TemporalAAQuality:1                ; more stable temporal accumulation]]
[2020.03.05-14.54.39:642][  0]LogConfig: Setting CVar [[r.DOF.Kernel.MaxForegroundRadius:0.025]]
[2020.03.05-14.54.39:642][  0]LogConfig: Setting CVar [[r.DOF.Kernel.MaxBackgroundRadius:0.025]]
[2020.03.05-14.54.39:642][  0]LogConfig: Applying CVar settings from Section [TextureQuality@3] File [D:/Games/projects/TankGame/Saved/Config/Windows/Scalability.ini]
[2020.03.05-14.54.39:642][  0]LogConfig: Setting CVar [[r.Streaming.MipBias:0]]
[2020.03.05-14.54.39:642][  0]LogConfig: Setting CVar [[r.Streaming.AmortizeCPUToGPUCopy:0]]
[2020.03.05-14.54.39:642][  0]LogConfig: Setting CVar [[r.Streaming.MaxNumTexturesToStreamPerFrame:0]]
[2020.03.05-14.54.39:642][  0]LogConfig: Setting CVar [[r.Streaming.Boost:1]]
[2020.03.05-14.54.39:642][  0]LogConfig: Setting CVar [[r.MaxAnisotropy:8]]
[2020.03.05-14.54.39:642][  0]LogConfig: Setting CVar [[r.Streaming.LimitPoolSizeToVRAM:0]]
[2020.03.05-14.54.39:642][  0]LogConfig: Setting CVar [[r.Streaming.PoolSize:1000]]
[2020.03.05-14.54.39:642][  0]LogConfig: Setting CVar [[r.Streaming.MaxEffectiveScreenSize:0]]
[2020.03.05-14.54.39:642][  0]LogConfig: Applying CVar settings from Section [EffectsQuality@3] File [D:/Games/projects/TankGame/Saved/Config/Windows/Scalability.ini]
[2020.03.05-14.54.39:642][  0]LogConfig: Setting CVar [[r.TranslucencyLightingVolumeDim:64]]
[2020.03.05-14.54.39:642][  0]LogConfig: Setting CVar [[r.RefractionQuality:2]]
[2020.03.05-14.54.39:642][  0]LogConfig: Setting CVar [[r.SSR.Quality:3]]
[2020.03.05-14.54.39:642][  0]LogConfig: Setting CVar [[r.SceneColorFormat:4]]
[2020.03.05-14.54.39:642][  0]LogConfig: Setting CVar [[r.DetailMode:2]]
[2020.03.05-14.54.39:642][  0]LogConfig: Setting CVar [[r.TranslucencyVolumeBlur:1]]
[2020.03.05-14.54.39:642][  0]LogConfig: Setting CVar [[r.MaterialQualityLevel:1 ; High quality]]
[2020.03.05-14.54.39:642][  0]LogConfig: Setting CVar [[r.SSS.Scale:1]]
[2020.03.05-14.54.39:642][  0]LogConfig: Setting CVar [[r.SSS.SampleSet:2]]
[2020.03.05-14.54.39:642][  0]LogConfig: Setting CVar [[r.SSS.Quality:1]]
[2020.03.05-14.54.39:642][  0]LogConfig: Setting CVar [[r.SSS.HalfRes:1]]
[2020.03.05-14.54.39:642][  0]LogConfig: Setting CVar [[r.EmitterSpawnRateScale:1.0]]
[2020.03.05-14.54.39:642][  0]LogConfig: Setting CVar [[r.ParticleLightQuality:2]]
[2020.03.05-14.54.39:642][  0]LogConfig: Applying CVar settings from Section [FoliageQuality@3] File [D:/Games/projects/TankGame/Saved/Config/Windows/Scalability.ini]
[2020.03.05-14.54.39:642][  0]LogConfig: Setting CVar [[foliage.DensityScale:1.0]]
[2020.03.05-14.54.39:642][  0]LogConfig: Setting CVar [[grass.DensityScale:1.0]]
[2020.03.05-14.54.39:642][  0]LogInit: Selected Device Profile: [Windows]
[2020.03.05-14.54.39:642][  0]LogInit: Applying CVar settings loaded from the selected device profile: [Windows]
[2020.03.05-14.54.39:645][  0]LogHAL: Display: Platform has ~ 12 GB [12756635648 / 17179869184 / 12], which maps to Larger [LargestMinGB=32, LargerMinGB=12, DefaultMinGB=8, SmallerMinGB=6, SmallestMinGB=0)
[2020.03.05-14.54.39:645][  0]LogInit: Going up to parent DeviceProfile []
[2020.03.05-14.54.39:645][  0]LogConfig: Applying CVar settings from Section [ViewDistanceQuality@3] File [D:/Games/projects/TankGame/Saved/Config/Windows/Scalability.ini]
[2020.03.05-14.54.39:645][  0]LogConfig: Setting CVar [[r.SkeletalMeshLODBias:0]]
[2020.03.05-14.54.39:645][  0]LogConfig: Setting CVar [[r.ViewDistanceScale:1.0]]
[2020.03.05-14.54.39:645][  0]LogConfig: Applying CVar settings from Section [AntiAliasingQuality@0] File [D:/Games/projects/TankGame/Saved/Config/Windows/Scalability.ini]
[2020.03.05-14.54.39:645][  0]LogConfig: Setting CVar [[r.PostProcessAAQuality:0]]
[2020.03.05-14.54.39:645][  0]LogConfig: Applying CVar settings from Section [ShadowQuality@3] File [D:/Games/projects/TankGame/Saved/Config/Windows/Scalability.ini]
[2020.03.05-14.54.39:645][  0]LogConfig: Setting CVar [[r.LightFunctionQuality:1]]
[2020.03.05-14.54.39:645][  0]LogConfig: Setting CVar [[r.ShadowQuality:5]]
[2020.03.05-14.54.39:645][  0]LogConfig: Setting CVar [[r.Shadow.CSM.MaxCascades:10]]
[2020.03.05-14.54.39:645][  0]LogConfig: Setting CVar [[r.Shadow.MaxResolution:2048]]
[2020.03.05-14.54.39:645][  0]LogConfig: Setting CVar [[r.Shadow.MaxCSMResolution:2048]]
[2020.03.05-14.54.39:645][  0]LogConfig: Setting CVar [[r.Shadow.RadiusThreshold:0.01]]
[2020.03.05-14.54.39:645][  0]LogConfig: Setting CVar [[r.Shadow.DistanceScale:1.0]]
[2020.03.05-14.54.39:645][  0]LogConfig: Setting CVar [[r.Shadow.CSM.TransitionScale:1.0]]
[2020.03.05-14.54.39:645][  0]LogConfig: Setting CVar [[r.Shadow.PreShadowResolutionFactor:1.0]]
[2020.03.05-14.54.39:645][  0]LogConfig: Setting CVar [[r.DistanceFieldShadowing:1]]
[2020.03.05-14.54.39:645][  0]LogConfig: Setting CVar [[r.DistanceFieldAO:1]]
[2020.03.05-14.54.39:645][  0]LogConfig: Setting CVar [[r.AOQuality:2]]
[2020.03.05-14.54.39:645][  0]LogConfig: Setting CVar [[r.VolumetricFog:1]]
[2020.03.05-14.54.39:645][  0]LogConfig: Setting CVar [[r.VolumetricFog.GridPixelSize:8]]
[2020.03.05-14.54.39:645][  0]LogConfig: Setting CVar [[r.VolumetricFog.GridSizeZ:128]]
[2020.03.05-14.54.39:645][  0]LogConfig: Setting CVar [[r.VolumetricFog.HistoryMissSupersampleCount:4]]
[2020.03.05-14.54.39:645][  0]LogConfig: Setting CVar [[r.LightMaxDrawDistanceScale:1]]
[2020.03.05-14.54.39:645][  0]LogConfig: Setting CVar [[r.CapsuleShadows:1]]
[2020.03.05-14.54.39:645][  0]LogConfig: Applying CVar settings from Section [PostProcessQuality@3] File [D:/Games/projects/TankGame/Saved/Config/Windows/Scalability.ini]
[2020.03.05-14.54.39:645][  0]LogConfig: Setting CVar [[r.MotionBlurQuality:4]]
[2020.03.05-14.54.39:645][  0]LogConfig: Setting CVar [[r.AmbientOcclusionMipLevelFactor:0.4]]
[2020.03.05-14.54.39:645][  0]LogConfig: Setting CVar [[r.AmbientOcclusionMaxQuality:100]]
[2020.03.05-14.54.39:645][  0]LogConfig: Setting CVar [[r.AmbientOcclusionLevels:-1]]
[2020.03.05-14.54.39:645][  0]LogConfig: Setting CVar [[r.AmbientOcclusionRadiusScale:1.0]]
[2020.03.05-14.54.39:645][  0]LogConfig: Setting CVar [[r.DepthOfFieldQuality:2]]
[2020.03.05-14.54.39:645][  0]LogConfig: Setting CVar [[r.RenderTargetPoolMin:400]]
[2020.03.05-14.54.39:645][  0]LogConfig: Setting CVar [[r.LensFlareQuality:2]]
[2020.03.05-14.54.39:645][  0]LogConfig: Setting CVar [[r.SceneColorFringeQuality:1]]
[2020.03.05-14.54.39:645][  0]LogConfig: Setting CVar [[r.EyeAdaptationQuality:2]]
[2020.03.05-14.54.39:645][  0]LogConfig: Setting CVar [[r.BloomQuality:5]]
[2020.03.05-14.54.39:645][  0]LogConfig: Setting CVar [[r.FastBlurThreshold:100]]
[2020.03.05-14.54.39:645][  0]LogConfig: Setting CVar [[r.Upscale.Quality:3]]
[2020.03.05-14.54.39:645][  0]LogConfig: Setting CVar [[r.Tonemapper.GrainQuantization:1]]
[2020.03.05-14.54.39:645][  0]LogConfig: Setting CVar [[r.LightShaftQuality:1]]
[2020.03.05-14.54.39:645][  0]LogConfig: Setting CVar [[r.Filter.SizeScale:1]]
[2020.03.05-14.54.39:645][  0]LogConfig: Setting CVar [[r.Tonemapper.Quality:5]]
[2020.03.05-14.54.39:645][  0]LogConfig: Setting CVar [[r.DOF.Gather.AccumulatorQuality:1        ; higher gathering accumulator quality]]
[2020.03.05-14.54.39:645][  0]LogConfig: Setting CVar [[r.DOF.Gather.PostfilterMethod:1          ; Median3x3 postfilering method]]
[2020.03.05-14.54.39:645][  0]LogConfig: Setting CVar [[r.DOF.Gather.EnableBokehSettings:0       ; no bokeh simulation when gathering]]
[2020.03.05-14.54.39:645][  0]LogConfig: Setting CVar [[r.DOF.Gather.RingCount:4                 ; medium number of samples when gathering]]
[2020.03.05-14.54.39:645][  0]LogConfig: Setting CVar [[r.DOF.Scatter.ForegroundCompositing:1    ; additive foreground scattering]]
[2020.03.05-14.54.39:645][  0]LogConfig: Setting CVar [[r.DOF.Scatter.BackgroundCompositing:2    ; additive background scattering]]
[2020.03.05-14.54.39:645][  0]LogConfig: Setting CVar [[r.DOF.Scatter.EnableBokehSettings:1      ; bokeh simulation when scattering]]
[2020.03.05-14.54.39:645][  0]LogConfig: Setting CVar [[r.DOF.Scatter.MaxSpriteRatio:0.1         ; only a maximum of 10% of scattered bokeh]]
[2020.03.05-14.54.39:645][  0]LogConfig: Setting CVar [[r.DOF.Recombine.Quality:1                ; cheap slight out of focus]]
[2020.03.05-14.54.39:645][  0]LogConfig: Setting CVar [[r.DOF.Recombine.EnableBokehSettings:0    ; no bokeh simulation on slight out of focus]]
[2020.03.05-14.54.39:645][  0]LogConfig: Setting CVar [[r.DOF.TemporalAAQuality:1                ; more stable temporal accumulation]]
[2020.03.05-14.54.39:645][  0]LogConfig: Setting CVar [[r.DOF.Kernel.MaxForegroundRadius:0.025]]
[2020.03.05-14.54.39:645][  0]LogConfig: Setting CVar [[r.DOF.Kernel.MaxBackgroundRadius:0.025]]
[2020.03.05-14.54.39:645][  0]LogConfig: Applying CVar settings from Section [TextureQuality@3] File [D:/Games/projects/TankGame/Saved/Config/Windows/Scalability.ini]
[2020.03.05-14.54.39:645][  0]LogConfig: Setting CVar [[r.Streaming.MipBias:0]]
[2020.03.05-14.54.39:646][  0]LogConfig: Setting CVar [[r.Streaming.AmortizeCPUToGPUCopy:0]]
[2020.03.05-14.54.39:646][  0]LogConfig: Setting CVar [[r.Streaming.MaxNumTexturesToStreamPerFrame:0]]
[2020.03.05-14.54.39:646][  0]LogConfig: Setting CVar [[r.Streaming.Boost:1]]
[2020.03.05-14.54.39:646][  0]LogConfig: Setting CVar [[r.MaxAnisotropy:8]]
[2020.03.05-14.54.39:646][  0]LogConfig: Setting CVar [[r.Streaming.LimitPoolSizeToVRAM:0]]
[2020.03.05-14.54.39:646][  0]LogConfig: Setting CVar [[r.Streaming.PoolSize:1000]]
[2020.03.05-14.54.39:646][  0]LogConfig: Setting CVar [[r.Streaming.MaxEffectiveScreenSize:0]]
[2020.03.05-14.54.39:646][  0]LogConfig: Applying CVar settings from Section [EffectsQuality@3] File [D:/Games/projects/TankGame/Saved/Config/Windows/Scalability.ini]
[2020.03.05-14.54.39:646][  0]LogConfig: Setting CVar [[r.TranslucencyLightingVolumeDim:64]]
[2020.03.05-14.54.39:646][  0]LogConfig: Setting CVar [[r.RefractionQuality:2]]
[2020.03.05-14.54.39:646][  0]LogConfig: Setting CVar [[r.SSR.Quality:3]]
[2020.03.05-14.54.39:646][  0]LogConfig: Setting CVar [[r.SceneColorFormat:4]]
[2020.03.05-14.54.39:646][  0]LogConfig: Setting CVar [[r.DetailMode:2]]
[2020.03.05-14.54.39:646][  0]LogConfig: Setting CVar [[r.TranslucencyVolumeBlur:1]]
[2020.03.05-14.54.39:646][  0]LogConfig: Setting CVar [[r.MaterialQualityLevel:1 ; High quality]]
[2020.03.05-14.54.39:646][  0]LogConfig: Setting CVar [[r.SSS.Scale:1]]
[2020.03.05-14.54.39:646][  0]LogConfig: Setting CVar [[r.SSS.SampleSet:2]]
[2020.03.05-14.54.39:646][  0]LogConfig: Setting CVar [[r.SSS.Quality:1]]
[2020.03.05-14.54.39:646][  0]LogConfig: Setting CVar [[r.SSS.HalfRes:1]]
[2020.03.05-14.54.39:646][  0]LogConfig: Setting CVar [[r.EmitterSpawnRateScale:1.0]]
[2020.03.05-14.54.39:646][  0]LogConfig: Setting CVar [[r.ParticleLightQuality:2]]
[2020.03.05-14.54.39:646][  0]LogConfig: Applying CVar settings from Section [FoliageQuality@3] File [D:/Games/projects/TankGame/Saved/Config/Windows/Scalability.ini]
[2020.03.05-14.54.39:646][  0]LogConfig: Setting CVar [[foliage.DensityScale:1.0]]
[2020.03.05-14.54.39:646][  0]LogConfig: Setting CVar [[grass.DensityScale:1.0]]
[2020.03.05-14.54.39:646][  0]LogConfig: Applying CVar settings from Section [Startup] File [../../../Engine/Config/ConsoleVariables.ini]
[2020.03.05-14.54.39:646][  0]LogConfig: Setting CVar [[net.UseAdaptiveNetUpdateFrequency:0]]
[2020.03.05-14.54.39:646][  0]LogConfig: Setting CVar [[p.chaos.AllowCreatePhysxBodies:1]]
[2020.03.05-14.54.39:646][  0]LogConfig: Applying CVar settings from Section [ConsoleVariables] File [D:/Games/projects/TankGame/Saved/Config/Windows/Engine.ini]
[2020.03.05-14.54.39:646][  0]LogInit: Computer: DESKTOP-U3382B8
[2020.03.05-14.54.39:646][  0]LogInit: User: etoya
[2020.03.05-14.54.39:646][  0]LogInit: CPU Page size=4096, Cores=4
[2020.03.05-14.54.39:646][  0]LogInit: High frequency timer resolution =10.000000 MHz
[2020.03.05-14.54.39:646][  0]LogMemory: Memory total: Physical=11.9GB (12GB approx)
[2020.03.05-14.54.39:646][  0]LogMemory: Platform Memory Stats for Windows
[2020.03.05-14.54.39:646][  0]LogMemory: Process Physical Memory: 101.31 MB used, 101.32 MB peak
[2020.03.05-14.54.39:646][  0]LogMemory: Process Virtual Memory: 229.15 MB used, 229.15 MB peak
[2020.03.05-14.54.39:646][  0]LogMemory: Physical Memory: 7066.82 MB used,  5098.85 MB free, 12165.68 MB total
[2020.03.05-14.54.39:646][  0]LogMemory: Virtual Memory: 4783.66 MB used,  134212944.00 MB free, 134217728.00 MB total
[2020.03.05-14.54.39:649][  0]LogWindows: WindowsPlatformFeatures enabled
[2020.03.05-14.54.39:674][  0]LogInit: Using OS detected language (ru-RU).
[2020.03.05-14.54.39:674][  0]LogInit: Using OS detected locale (ru-RU).
[2020.03.05-14.54.39:675][  0]LogTextLocalizationManager: No specific localization for 'ru-RU' exists, so the 'ru' localization will be used.
[2020.03.05-14.54.39:676][  0]LogTextLocalizationResource: LocRes '../../../Engine/Content/Localization/Editor/ru/Editor.locres' could not be opened for reading!
[2020.03.05-14.54.39:676][  0]LogTextLocalizationResource: LocRes '../../../Engine/Content/Localization/EditorTutorials/ru/EditorTutorials.locres' could not be opened for reading!
[2020.03.05-14.54.39:676][  0]LogTextLocalizationResource: LocRes '../../../Engine/Content/Localization/Keywords/ru/Keywords.locres' could not be opened for reading!
[2020.03.05-14.54.39:676][  0]LogTextLocalizationResource: LocRes '../../../Engine/Content/Localization/Category/ru/Category.locres' could not be opened for reading!
[2020.03.05-14.54.39:676][  0]LogTextLocalizationResource: LocRes '../../../Engine/Content/Localization/ToolTips/ru/ToolTips.locres' could not be opened for reading!
[2020.03.05-14.54.39:676][  0]LogTextLocalizationResource: LocRes '../../../Engine/Content/Localization/PropertyNames/ru/PropertyNames.locres' could not be opened for reading!
[2020.03.05-14.54.39:676][  0]LogTextLocalizationResource: LocRes '../../../Engine/Content/Localization/Engine/ru/Engine.locres' could not be opened for reading!
[2020.03.05-14.54.39:677][  0]LogInit: Setting process to per monitor DPI aware
[2020.03.05-14.54.39:703][  0]LogSlate: New Slate User Created.  User Index 0, Is Virtual User: 0
[2020.03.05-14.54.39:703][  0]LogSlate: Slate User Registered.  User Index 0, Is Virtual User: 0
[2020.03.05-14.54.39:895][  0]LogHMD: Failed to initialize OpenVR with code 108
[2020.03.05-14.54.39:984][  0]LogD3D12RHI: Found D3D12 adapter 0: NVIDIA GeForce RTX 2070 SUPER (Max supported Feature Level 12_1)
[2020.03.05-14.54.39:984][  0]LogD3D12RHI: Adapter has 8011MB of dedicated video memory, 0MB of dedicated system memory, and 6082MB of shared system memory, 1 output[s]
[2020.03.05-14.54.40:001][  0]LogD3D12RHI: Found D3D12 adapter 1: Intel(R) HD Graphics 530 (Max supported Feature Level 12_1)
[2020.03.05-14.54.40:001][  0]LogD3D12RHI: Adapter has 128MB of dedicated video memory, 0MB of dedicated system memory, and 6082MB of shared system memory, 1 output[s]
[2020.03.05-14.54.40:011][  0]LogD3D12RHI: Found D3D12 adapter 2: Microsoft Basic Render Driver (Max supported Feature Level 12_1)
[2020.03.05-14.54.40:011][  0]LogD3D12RHI: Adapter has 0MB of dedicated video memory, 0MB of dedicated system memory, and 6082MB of shared system memory, 0 output[s]
[2020.03.05-14.54.40:011][  0]LogD3D12RHI: Forcing D3D12.AsyncDeferredDeletion=0 as a workaround for a deadlock.
[2020.03.05-14.54.40:011][  0]LogD3D12RHI: Chosen D3D12 Adapter Id = 0
[2020.03.05-14.54.40:018][  0]LogD3D12RHI: Emitting draw events for PIX profiling.
[2020.03.05-14.54.40:075][  0]LogD3D12RHI: The system supports ID3D12Device1.
[2020.03.05-14.54.40:075][  0]LogD3D12RHI: The system supports ID3D12Device2.
[2020.03.05-14.54.40:146][  0]LogD3D12RHI: Display: Not using pipeline state disk cache per r.D3D12.PSO.DiskCache=0
[2020.03.05-14.54.40:146][  0]LogD3D12RHI: Display: Not using driver-optimized pipeline state disk cache per r.D3D12.PSO.DriverOptimizedDiskCache=0
[2020.03.05-14.54.40:146][  0]LogD3D12RHI:     GPU DeviceId: 0x1e84 (for the marketing name, search the web for "GPU Device Id")
[2020.03.05-14.54.40:146][  0]LogWindows: EnumDisplayDevices:
[2020.03.05-14.54.40:146][  0]LogWindows:    0. 'Intel(R) HD Graphics 530' (P:0 D:1)
[2020.03.05-14.54.40:146][  0]LogWindows:    1. 'Intel(R) HD Graphics 530' (P:0 D:0)
[2020.03.05-14.54.40:147][  0]LogWindows:    2. 'Intel(R) HD Graphics 530' (P:0 D:0)
[2020.03.05-14.54.40:147][  0]LogWindows:    3. 'NVIDIA GeForce RTX 2070 SUPER' (P:1 D:1)
[2020.03.05-14.54.40:147][  0]LogWindows:    4. 'NVIDIA GeForce RTX 2070 SUPER' (P:0 D:0)
[2020.03.05-14.54.40:148][  0]LogWindows:    5. 'NVIDIA GeForce RTX 2070 SUPER' (P:0 D:0)
[2020.03.05-14.54.40:148][  0]LogWindows:    6. 'NVIDIA GeForce RTX 2070 SUPER' (P:0 D:0)
[2020.03.05-14.54.40:148][  0]LogWindows: DebugString: PrimaryIsNotTheChoosenAdapter PrimaryIsNotTheChoosenAdapter PrimaryIsNotTheChoosenAdapter FoundDriverCount:4 
[2020.03.05-14.54.40:148][  0]LogD3D12RHI:     Adapter Name: NVIDIA GeForce RTX 2070 SUPER
[2020.03.05-14.54.40:148][  0]LogD3D12RHI:   Driver Version: 442.19 (internal:26.21.14.4219, unified:442.19)
[2020.03.05-14.54.40:148][  0]LogD3D12RHI:      Driver Date: 1-29-2020
[2020.03.05-14.54.40:148][  0]LogRHI: Texture pool is 4289 MB (70% of 6128 MB)
[2020.03.05-14.54.40:148][  0]LogD3D12RHI: Async texture creation enabled
[2020.03.05-14.54.40:456][  0]LogTemp: Display: Module 'AllDesktopTargetPlatform' loaded TargetPlatform 'AllDesktop'
[2020.03.05-14.54.40:464][  0]LogTemp: Display: Module 'MacClientTargetPlatform' loaded TargetPlatform 'MacClient'
[2020.03.05-14.54.40:472][  0]LogTemp: Display: Module 'MacNoEditorTargetPlatform' loaded TargetPlatform 'MacNoEditor'
[2020.03.05-14.54.40:480][  0]LogTemp: Display: Module 'MacServerTargetPlatform' loaded TargetPlatform 'MacServer'
[2020.03.05-14.54.40:489][  0]LogTemp: Display: Module 'MacTargetPlatform' loaded TargetPlatform 'Mac'
[2020.03.05-14.54.40:496][  0]LogTemp: Display: Module 'WindowsClientTargetPlatform' loaded TargetPlatform 'WindowsClient'
[2020.03.05-14.54.40:504][  0]LogTemp: Display: Module 'WindowsNoEditorTargetPlatform' loaded TargetPlatform 'WindowsNoEditor'
[2020.03.05-14.54.40:512][  0]LogTemp: Display: Module 'WindowsServerTargetPlatform' loaded TargetPlatform 'WindowsServer'
[2020.03.05-14.54.40:516][  0]LogTemp: Display: Module 'WindowsTargetPlatform' loaded TargetPlatform 'Windows'
[2020.03.05-14.54.40:544][  0]LogTemp: Display: Module 'AndroidTargetPlatform' loaded TargetPlatform 'Android'
[2020.03.05-14.54.40:545][  0]LogTemp: Display: Module 'AndroidTargetPlatform' loaded TargetPlatform 'Android_ASTC'
[2020.03.05-14.54.40:545][  0]LogTemp: Display: Module 'AndroidTargetPlatform' loaded TargetPlatform 'Android_ATC'
[2020.03.05-14.54.40:545][  0]LogTemp: Display: Module 'AndroidTargetPlatform' loaded TargetPlatform 'Android_DXT'
[2020.03.05-14.54.40:545][  0]LogTemp: Display: Module 'AndroidTargetPlatform' loaded TargetPlatform 'Android_ETC1'
[2020.03.05-14.54.40:545][  0]LogTemp: Display: Module 'AndroidTargetPlatform' loaded TargetPlatform 'Android_ETC1a'
[2020.03.05-14.54.40:545][  0]LogTemp: Display: Module 'AndroidTargetPlatform' loaded TargetPlatform 'Android_ETC2'
[2020.03.05-14.54.40:545][  0]LogTemp: Display: Module 'AndroidTargetPlatform' loaded TargetPlatform 'Android_PVRTC'
[2020.03.05-14.54.40:545][  0]LogTemp: Display: Module 'AndroidTargetPlatform' loaded TargetPlatform 'AndroidClient'
[2020.03.05-14.54.40:545][  0]LogTemp: Display: Module 'AndroidTargetPlatform' loaded TargetPlatform 'Android_ASTCClient'
[2020.03.05-14.54.40:545][  0]LogTemp: Display: Module 'AndroidTargetPlatform' loaded TargetPlatform 'Android_ATCClient'
[2020.03.05-14.54.40:545][  0]LogTemp: Display: Module 'AndroidTargetPlatform' loaded TargetPlatform 'Android_DXTClient'
[2020.03.05-14.54.40:545][  0]LogTemp: Display: Module 'AndroidTargetPlatform' loaded TargetPlatform 'Android_ETC1Client'
[2020.03.05-14.54.40:545][  0]LogTemp: Display: Module 'AndroidTargetPlatform' loaded TargetPlatform 'Android_ETC1aClient'
[2020.03.05-14.54.40:545][  0]LogTemp: Display: Module 'AndroidTargetPlatform' loaded TargetPlatform 'Android_ETC2Client'
[2020.03.05-14.54.40:545][  0]LogTemp: Display: Module 'AndroidTargetPlatform' loaded TargetPlatform 'Android_PVRTCClient'
[2020.03.05-14.54.40:545][  0]LogTemp: Display: Module 'AndroidTargetPlatform' loaded TargetPlatform 'Android_Multi'
[2020.03.05-14.54.40:545][  0]LogTemp: Display: Module 'AndroidTargetPlatform' loaded TargetPlatform 'Android_MultiClient'
[2020.03.05-14.54.40:546][  0]LogTemp: Display: Module 'HTML5TargetPlatform' loaded TargetPlatform 'HTML5'
[2020.03.05-14.54.40:562][  0]LogTemp: Display: Module 'IOSTargetPlatform' loaded TargetPlatform 'IOSClient'
[2020.03.05-14.54.40:562][  0]LogTemp: Display: Module 'IOSTargetPlatform' loaded TargetPlatform 'IOS'
[2020.03.05-14.54.40:573][  0]LogTemp: Display: Module 'TVOSTargetPlatform' loaded TargetPlatform 'TVOSClient'
[2020.03.05-14.54.40:574][  0]LogTemp: Display: Module 'TVOSTargetPlatform' loaded TargetPlatform 'TVOS'
[2020.03.05-14.54.40:580][  0]LogTemp: Display: Module 'LinuxClientTargetPlatform' loaded TargetPlatform 'LinuxClient'
[2020.03.05-14.54.40:586][  0]LogTemp: Display: Module 'LinuxNoEditorTargetPlatform' loaded TargetPlatform 'LinuxNoEditor'
[2020.03.05-14.54.40:592][  0]LogTemp: Display: Module 'LinuxServerTargetPlatform' loaded TargetPlatform 'LinuxServer'
[2020.03.05-14.54.40:598][  0]LogTemp: Display: Module 'LinuxTargetPlatform' loaded TargetPlatform 'Linux'
[2020.03.05-14.54.40:619][  0]LogTemp: Display: Module 'LuminTargetPlatform' loaded TargetPlatform 'Lumin'
[2020.03.05-14.54.40:619][  0]LogTemp: Display: Module 'LuminTargetPlatform' loaded TargetPlatform 'LuminClient'
[2020.03.05-14.54.40:619][  0]LogTargetPlatformManager: Display: Building Assets For Windows
[2020.03.05-14.54.40:628][  0]LogAudioDebug: Display: Lib vorbis DLL was dynamically loaded.
[2020.03.05-14.54.40:678][  0]LogShaderCompilers: Guid format shader working directory is 16 characters bigger than the processId version (../../../../projects/TankGame/Intermediate/Shaders/WorkingDirectory/14080/).
[2020.03.05-14.54.40:678][  0]LogShaderCompilers: Cleaned the shader compiler working directory 'C:/Users/etoya/AppData/Local/Temp/UnrealShaderWorkingDir/DCEB82CD4724263BA1BFD79035943A76/'.
[2020.03.05-14.54.40:681][  0]LogXGEController: Cannot use XGE Controller as Incredibuild is not installed on this machine.
[2020.03.05-14.54.40:681][  0]LogShaderCompilers: Cannot use XGE Shader Compiler as Incredibuild is not installed on this machine.
[2020.03.05-14.54.40:681][  0]LogShaderCompilers: Display: Using Local Shader Compiler.
[2020.03.05-14.54.41:234][  0]LogDerivedDataCache: Display: Max Cache Size: 512 MB
[2020.03.05-14.54.41:277][  0]LogDerivedDataCache: Loaded boot cache 0.04s 73MB C:/Users/etoya/AppData/Local/UnrealEngine/4.23/DerivedDataCache/Boot.ddc.
[2020.03.05-14.54.41:278][  0]LogDerivedDataCache: Display: Loaded Boot cache: C:/Users/etoya/AppData/Local/UnrealEngine/4.23/DerivedDataCache/Boot.ddc
[2020.03.05-14.54.41:278][  0]LogDerivedDataCache: FDerivedDataBackendGraph:  Pak pak cache file ../../../../projects/TankGame/DerivedDataCache/DDC.ddp not found, will not use a pak cache.
[2020.03.05-14.54.41:278][  0]LogDerivedDataCache: Unable to find inner node Pak for hierarchical cache Hierarchy.
[2020.03.05-14.54.41:278][  0]LogDerivedDataCache: FDerivedDataBackendGraph:  CompressedPak pak cache file ../../../../projects/TankGame/DerivedDataCache/Compressed.ddp not found, will not use a pak cache.
[2020.03.05-14.54.41:278][  0]LogDerivedDataCache: Unable to find inner node CompressedPak for hierarchical cache Hierarchy.
[2020.03.05-14.54.41:287][  0]LogDerivedDataCache: Display: Pak cache opened for reading ../../../Engine/DerivedDataCache/Compressed.ddp.
[2020.03.05-14.54.41:287][  0]LogDerivedDataCache: FDerivedDataBackendGraph:  EnterprisePak pak cache file ../../../Enterprise/DerivedDataCache/Compressed.ddp not found, will not use a pak cache.
[2020.03.05-14.54.41:287][  0]LogDerivedDataCache: Unable to find inner node EnterprisePak for hierarchical cache Hierarchy.
[2020.03.05-14.54.41:288][  0]LogDerivedDataCache: Using Local data cache path C:/Users/etoya/AppData/Local/UnrealEngine/Common/DerivedDataCache: Writable
[2020.03.05-14.54.41:288][  0]LogDerivedDataCache: Shared data cache path not found in *engine.ini, will not use an Shared cache.
[2020.03.05-14.54.41:288][  0]LogDerivedDataCache: Unable to find inner node Shared for hierarchical cache Hierarchy.
[2020.03.05-14.54.41:307][  0]LogMaterial: Verifying Global Shaders for PCD3D_SM5
[2020.03.05-14.54.41:309][  0]LogSlate: Using FreeType 2.6.0
[2020.03.05-14.54.41:309][  0]LogSlate: SlateFontServices - WITH_FREETYPE: 1, WITH_HARFBUZZ: 1
[2020.03.05-14.54.41:363][  0]LogAssetRegistry: FAssetRegistry took 0.0020 seconds to start up
[2020.03.05-14.54.41:587][  0]LogInit: Selected Device Profile: [Windows]
[2020.03.05-14.54.41:719][  0]LogMeshReduction: Using QuadricMeshReduction for automatic static mesh reduction
[2020.03.05-14.54.41:719][  0]LogMeshReduction: Using SimplygonMeshReduction for automatic skeletal mesh reduction
[2020.03.05-14.54.41:719][  0]LogMeshReduction: Using ProxyLODMeshReduction for automatic mesh merging
[2020.03.05-14.54.41:719][  0]LogMeshReduction: No distributed automatic mesh merging module available
[2020.03.05-14.54.41:719][  0]LogMeshMerging: No distributed automatic mesh merging module available
[2020.03.05-14.54.41:726][  0]LogNetVersion: TankGame 1.0.0, NetCL: 8386587, EngineNetVer: 11, GameNetVer: 0 (Checksum: 4051216306)
[2020.03.05-14.54.42:052][  0]LogPackageLocalizationCache: Processed 12 localized package path(s) for 1 prioritized culture(s) in 0.029894 seconds
[2020.03.05-14.54.42:057][  0]LogUObjectArray: 43444 objects as part of root set at end of initial load.
[2020.03.05-14.54.42:057][  0]LogUObjectAllocator: 7548648 out of 0 bytes used by permanent object pool.
[2020.03.05-14.54.42:057][  0]LogUObjectArray: CloseDisregardForGC: 0/0 objects in disregard for GC pool
[2020.03.05-14.54.42:837][  0]LogTcpMessaging: Initializing TcpMessaging bridge
[2020.03.05-14.54.42:839][  0]LogUdpMessaging: Initializing bridge on interface 0.0.0.0:0 to multicast group 230.0.0.1:6666.
[2020.03.05-14.54.42:883][  0]SourceControl: Source control is disabled
[2020.03.05-14.54.42:883][  0]SourceControl: Source control is disabled
[2020.03.05-14.54.42:884][  0]SourceControl: Source control is disabled
[2020.03.05-14.54.42:885][  0]SourceControl: Source control is disabled
[2020.03.05-14.54.42:954][  0]LogAndroidPermission: UAndroidPermissionCallbackProxy::GetInstance
[2020.03.05-14.54.43:312][  0]LogOcInput: OculusInput pre-init called
[2020.03.05-14.54.43:317][  0]LogWindows: Failed to load 'OVRPlugin.dll' (GetLastError=126)
[2020.03.05-14.54.43:317][  0]LogWindows: File 'OVRPlugin.dll' does not exist
[2020.03.05-14.54.43:377][  0]LogEngine: Initializing Engine...
[2020.03.05-14.54.43:421][  0]LogHMD: Failed to initialize OpenVR with code 108
[2020.03.05-14.54.43:422][  0]LogStats: UGameplayTagsManager::InitializeManager -  0.000 s
[2020.03.05-14.54.43:615][  0]LogInit: Initializing FReadOnlyCVARCache
[2020.03.05-14.54.43:629][  0]LogAIModule: Creating AISystem for world Untitled
[2020.03.05-14.54.43:696][  0]LogInit: XAudio2 using 'Динамики (Realtek High Definition Audio)' : 2 channels at 48 kHz using 32 bits per sample (channel mask 0x3)
[2020.03.05-14.54.43:748][  0]LogInit: FAudioDevice initialized.
[2020.03.05-14.54.43:748][  0]LogNetVersion: Set ProjectVersion to 1.0.0.0. Version Checksum will be recalculated on next use.
[2020.03.05-14.54.43:880][  0]LogDerivedDataCache: Saved boot cache 0.13s 74MB C:/Users/etoya/AppData/Local/UnrealEngine/4.23/DerivedDataCache/Boot.ddc.
[2020.03.05-14.54.43:882][  0]LogInit: Texture streaming: Enabled
[2020.03.05-14.54.43:904][  0]LogEngineSessionManager: EngineSessionManager initialized
[2020.03.05-14.54.43:904][  0]LogEditorSessionSummary: Verbose: Initializing EditorSessionSummaryWriter for editor session tracking
[2020.03.05-14.54.43:908][  0]LogEditorSessionSummary: EditorSessionSummaryWriter initialized
[2020.03.05-14.54.43:945][  0]LogInit: Transaction tracking system initialized
[2020.03.05-14.54.43:979][  0]BlueprintLog: New page: Editor Load
[2020.03.05-14.54.44:059][  0]LocalizationService: Localization service is disabled
[2020.03.05-14.54.44:261][  0]LogFileCache: Scanning file cache for directory 'D:/Games/projects/TankGame/Content/' took 0.00s
[2020.03.05-14.54.44:261][  0]LogCook: Display: Max memory allowance for cook 16384mb min free memory 0mb
[2020.03.05-14.54.44:261][  0]LogCook: Display: Mobile HDR setting 1
[2020.03.05-14.54.44:428][  0]SourceControl: Source control is disabled
[2020.03.05-14.54.44:428][  0]Cmd: MAP LOAD FILE="../../../../projects/TankGame/Content/MobileStarterContent/Maps/Minimal_Default.umap" TEMPLATE=0 SHOWPROGRESS=1 FEATURELEVEL=3
[2020.03.05-14.54.44:428][  0]LightingResults: New page: Lighting Build
[2020.03.05-14.54.44:431][  0]LogWorld: UWorld::CleanupWorld for Untitled, bSessionEnded=true, bCleanupResources=true
[2020.03.05-14.54.44:432][  0]MapCheck: New page: Map Check
[2020.03.05-14.54.44:432][  0]LightingResults: New page: Lighting Build
[2020.03.05-14.54.44:453][  0]LogUObjectHash: Compacting FUObjectHashTables data took   1.36ms
[2020.03.05-14.54.44:546][  0]LogAIModule: Creating AISystem for world Minimal_Default
[2020.03.05-14.54.44:552][  0]LogEditorServer: Finished looking for orphan Actors (0.000 secs)
[2020.03.05-14.54.44:573][  0]LogUObjectHash: Compacting FUObjectHashTables data took   1.71ms
[2020.03.05-14.54.44:573][  0]Cmd: MAP CHECKDEP NOCLEARLOG
[2020.03.05-14.54.44:573][  0]MapCheck: Map check complete: 0 Error(s), 0 Warning(s), took 0,075ms to complete.
[2020.03.05-14.54.44:573][  0]LogFileHelpers: Loading map 'Minimal_Default' took 0.145
[2020.03.05-14.54.44:666][  0]LogSlate: Updating window title bar state: overlay mode, drag disabled, window buttons hidden, title bar hidden
[2020.03.05-14.54.44:672][  0]LogSlate: Updating window title bar state: overlay mode, drag disabled, window buttons hidden, title bar hidden
[2020.03.05-14.54.44:678][  0]LogSlate: Updating window title bar state: overlay mode, drag disabled, window buttons hidden, title bar hidden
[2020.03.05-14.54.44:683][  0]LogSlate: Updating window title bar state: overlay mode, drag disabled, window buttons hidden, title bar hidden
[2020.03.05-14.54.44:691][  0]LogCollectionManager: Loaded 0 collections in 0.002451 seconds
[2020.03.05-14.54.44:696][  0]LogFileCache: Scanning file cache for directory 'D:/Games/projects/TankGame/Saved/Collections/' took 0.00s
[2020.03.05-14.54.44:696][  0]LogFileCache: Scanning file cache for directory 'D:/Games/projects/TankGame/Content/Developers/etoya/Collections/' took 0.00s
[2020.03.05-14.54.44:696][  0]LogFileCache: Scanning file cache for directory 'D:/Games/projects/TankGame/Content/Collections/' took 0.00s
[2020.03.05-14.54.44:696][  0]LogCollectionManager: Rebuilt the GUID cache for 0 collections in 0.000001 seconds
[2020.03.05-14.54.44:703][  0]LogContentBrowser: Native class hierarchy populated in 0.0069 seconds. Added 2863 classes and 680 folders.
[2020.03.05-14.54.44:711][  0]LogContentBrowser: Native class hierarchy updated for 'WidgetCarousel' in 0.0002 seconds. Added 0 classes and 0 folders.
[2020.03.05-14.54.44:758][  0]LogContentBrowser: Native class hierarchy updated for 'AddContentDialog' in 0.0002 seconds. Added 0 classes and 0 folders.
[2020.03.05-14.54.44:763][  0]LogContentBrowser: Native class hierarchy updated for 'SceneOutliner' in 0.0002 seconds. Added 1 classes and 2 folders.
[2020.03.05-14.54.44:795][  0]LogSlate: Took 0.000160 seconds to synchronously load lazily loaded font '../../../Engine/Content/Slate/Fonts/Roboto-Regular.ttf' (155K)
[2020.03.05-14.54.44:797][  0]LogSlate: Took 0.000143 seconds to synchronously load lazily loaded font '../../../Engine/Content/Slate/Fonts/Roboto-Bold.ttf' (160K)
[2020.03.05-14.54.44:801][  0]LogSlate: Took 0.000157 seconds to synchronously load lazily loaded font '../../../Engine/Content/Editor/Slate/Fonts/FontAwesome.ttf' (139K)
[2020.03.05-14.54.44:858][  0]LogRenderer: Reallocating scene render targets to support 1060x576 Format 10 NumSamples 1 (Frame:1).
[2020.03.05-14.54.49:892][  0]LogSlate: Took 0.000158 seconds to synchronously load lazily loaded font '../../../Engine/Content/Slate/Fonts/Roboto-Light.ttf' (167K)
[2020.03.05-14.54.50:396][  0]LogContentBrowser: Native class hierarchy updated for 'HierarchicalLODOutliner' in 0.0002 seconds. Added 0 classes and 0 folders.
[2020.03.05-14.54.50:396][  0]LogLoad: (Engine Initialization) Total time: 12.19 seconds
[2020.03.05-14.54.50:396][  0]LogLoad: (Engine Initialization) Total Blueprint compile time: 0.00 seconds
[2020.03.05-14.54.50:447][  0]LogAssetRegistry: Asset discovery search completed in 9.0846 seconds
[2020.03.05-14.54.50:450][  0]LogCollectionManager: Rebuilt the object cache for 0 collections in 0.000004 seconds (found 0 objects)
[2020.03.05-14.54.50:450][  0]LogCollectionManager: Fixed up redirectors for 0 collections in 0.000048 seconds (updated 0 objects)
[2020.03.05-14.54.50:451][  0]LogContentStreaming: Texture pool size now 1000 MB
[2020.03.05-14.54.52:236][  4]LogSlate: Took 0.000170 seconds to synchronously load lazily loaded font '../../../Engine/Content/Slate/Fonts/Roboto-Light.ttf' (167K)
[2020.03.05-14.54.54:532][ 11]LogSlate: FSceneViewport::OnFocusLost() reason 0
[2020.03.05-14.54.54:584][ 12]LogLinker: Warning: While loading '../../../../projects/TankGame/Content/MainCameraActor_Blueprint.uasset' failed to load '/Game/2DSideScrollerCharacter': Can't find file.
[2020.03.05-14.54.54:584][ 12]LogLinker: Warning: While loading '../../../../projects/TankGame/Content/MainCameraActor_Blueprint.uasset' failed to load '/Game/2DSideScrollerCharacter': Can't find file.
[2020.03.05-14.54.54:584][ 12]LogLinker: Warning: While loading '../../../../projects/TankGame/Content/MainCameraActor_Blueprint.uasset' failed to load '/Game/2DSideScrollerCharacter': Can't find file.
[2020.03.05-14.54.54:584][ 12]LogLinker: Warning: While loading '../../../../projects/TankGame/Content/MainCameraActor_Blueprint.uasset' failed to load '/Game/2DSideScrollerCharacter': Can't find file.
[2020.03.05-14.54.54:585][ 12]LogLinker: Warning: While loading '../../../../projects/TankGame/Content/MainCameraActor_Blueprint.uasset' failed to load '/Game/2DSideScrollerCharacter': Can't find file.
[2020.03.05-14.54.54:585][ 12]LogLinker: Warning: While loading '../../../../projects/TankGame/Content/MainCameraActor_Blueprint.uasset' failed to load '/Game/2DSideScrollerCharacter': Can't find file.
[2020.03.05-14.54.54:586][ 12]LogLinker: Warning: Failed to load '/Game/2DSideScrollerCharacter': Can't find file.
[2020.03.05-14.54.54:586][ 12]LogLinker: Warning: Failed to load '/Game/2DSideScrollerCharacter': Can't find file.
[2020.03.05-14.54.54:586][ 12]LogLinker: Warning: Failed to load '/Game/2DSideScrollerCharacter': Can't find file.
[2020.03.05-14.54.54:586][ 12]LogLinker: Warning: Failed to load '/Game/2DSideScrollerCharacter': Can't find file.
[2020.03.05-14.54.54:586][ 12]LogLinker: Warning: Failed to load '/Game/2DSideScrollerCharacter': Can't find file.
[2020.03.05-14.54.54:586][ 12]LogLinker: Warning: Failed to load '/Game/2DSideScrollerCharacter': Can't find file.
[2020.03.05-14.54.54:586][ 12]LogLinker: Warning: Failed to load '/Game/2DSideScrollerCharacter': Can't find file.
[2020.03.05-14.54.54:586][ 12]LogLinker: Warning: Failed to load '/Game/2DSideScrollerCharacter': Can't find file.
[2020.03.05-14.54.54:589][ 12]LogLinker: Warning: While loading '../../../../projects/TankGame/Content/MainCameraActor_Blueprint.uasset' failed to load '/Game/2DSideScrollerCharacter': Can't find file.
[2020.03.05-14.54.54:589][ 12]LoadErrors: Failed to load /Game/2DSideScrollerCharacter.2DSideScrollerCharacter_C Referenced by K2Node_DynamicCast_2
[2020.03.05-14.54.54:589][ 12]LogLinker: Warning: While loading '../../../../projects/TankGame/Content/MainCameraActor_Blueprint.uasset' failed to load '/Game/2DSideScrollerCharacter': Can't find file.
[2020.03.05-14.54.54:589][ 12]LogLinker: Warning: While loading '../../../../projects/TankGame/Content/MainCameraActor_Blueprint.uasset' failed to load '/Game/2DSideScrollerCharacter': Can't find file.
[2020.03.05-14.54.54:589][ 12]LogLinker: Warning: While loading '../../../../projects/TankGame/Content/MainCameraActor_Blueprint.uasset' failed to load '/Game/2DSideScrollerCharacter': Can't find file.
[2020.03.05-14.54.54:590][ 12]LogLinker: Warning: While loading '../../../../projects/TankGame/Content/MainCameraActor_Blueprint.uasset' failed to load '/Game/2DSideScrollerCharacter': Can't find file.
[2020.03.05-14.54.54:590][ 12]LoadErrors: Failed to load /Game/2DSideScrollerCharacter.2DSideScrollerCharacter_C Referenced by K2Node_VariableGet_3
[2020.03.05-14.54.54:590][ 12]LogLinker: Warning: While loading '../../../../projects/TankGame/Content/MainCameraActor_Blueprint.uasset' failed to load '/Game/2DSideScrollerCharacter': Can't find file.
[2020.03.05-14.54.54:590][ 12]LogLinker: Warning: While loading '../../../../projects/TankGame/Content/MainCameraActor_Blueprint.uasset' failed to load '/Game/2DSideScrollerCharacter': Can't find file.
[2020.03.05-14.54.54:590][ 12]LogLinker: Warning: While loading '../../../../projects/TankGame/Content/MainCameraActor_Blueprint.uasset' failed to load '/Game/2DSideScrollerCharacter': Can't find file.
[2020.03.05-14.54.54:590][ 12]LogLinker: Warning: While loading '../../../../projects/TankGame/Content/MainCameraActor_Blueprint.uasset' failed to load '/Game/2DSideScrollerCharacter': Can't find file.
[2020.03.05-14.54.54:590][ 12]LoadErrors: Failed to load /Game/2DSideScrollerCharacter.2DSideScrollerCharacter_C Referenced by K2Node_DynamicCast_1
[2020.03.05-14.54.54:590][ 12]LogLinker: Warning: While loading '../../../../projects/TankGame/Content/MainCameraActor_Blueprint.uasset' failed to load '/Game/2DSideScrollerCharacter': Can't find file.
[2020.03.05-14.54.54:591][ 12]LogLinker: Warning: While loading '../../../../projects/TankGame/Content/MainCameraActor_Blueprint.uasset' failed to load '/Game/2DSideScrollerCharacter': Can't find file.
[2020.03.05-14.54.54:591][ 12]LogLinker: Warning: While loading '../../../../projects/TankGame/Content/MainCameraActor_Blueprint.uasset' failed to load '/Game/2DSideScrollerCharacter': Can't find file.
[2020.03.05-14.54.54:603][ 12]LogBlueprint: Error: [Compiler MainCameraActor_Blueprint] Can't connect pins  Return Value  and  Object : This cast has an invalid target type (was the class deleted without a redirect?).
[2020.03.05-14.54.54:604][ 12]LogBlueprint: Error: [Compiler MainCameraActor_Blueprint] Can't connect pins  Object  and  Return Value : This cast has an invalid target type (was the class deleted without a redirect?).
[2020.03.05-14.54.54:604][ 12]LogBlueprint: Error: [Compiler MainCameraActor_Blueprint] In use pin  As 2DSide Scroller Character  no longer exists on node  Bad cast node . Please refresh node or break links to remove pin.
[2020.03.05-14.54.54:604][ 12]LogBlueprint: Error: [Compiler MainCameraActor_Blueprint] Can't connect pins  Return Value  and  Object : This cast has an invalid target type (was the class deleted without a redirect?).
[2020.03.05-14.54.54:604][ 12]LogBlueprint: Warning: [Compiler MainCameraActor_Blueprint] Could not find a variable named "bisMovingRight" in 'MainCameraActor_Blueprint'.
Make sure 'MainCameraActor_Blueprint' has been compiled for  Get bisMovingRight
[2020.03.05-14.54.54:604][ 12]LogBlueprint: Error: [Compiler MainCameraActor_Blueprint] Can't connect pins  Object  and  Return Value : This cast has an invalid target type (was the class deleted without a redirect?).
[2020.03.05-14.54.54:604][ 12]LogBlueprint: Error: [Compiler MainCameraActor_Blueprint] In use pin  As 2DSide Scroller Character  no longer exists on node  Bad cast node . Please refresh node or break links to remove pin.
[2020.03.05-14.54.54:605][ 12]LogBlueprint: Error: [Compiler MainCameraActor_Blueprint] The property associated with  Bis Moving Right  could not be found in '/Game/MainCameraActor_Blueprint.MainCameraActor_Blueprint_C'
[2020.03.05-14.54.54:624][ 12]LogSlate: Took 0.000181 seconds to synchronously load lazily loaded font '../../../Engine/Content/Slate/Fonts/Roboto-Regular.ttf' (155K)
[2020.03.05-14.55.41:985][598]LogSlate: FSceneViewport::OnFocusLost() reason 0
[2020.03.05-14.55.56:489][301]LogSlate: FSceneViewport::OnFocusLost() reason 0
[2020.03.05-14.55.56:604][315]LogTemp: Repeating last play command: Selected Viewport
[2020.03.05-14.55.56:611][315]LogBlueprintUserMessages: Early PlayInEditor Detection: Level '/Game/MobileStarterContent/Maps/Minimal_Default.Minimal_Default:PersistentLevel' has LevelScriptBlueprint '/Game/MobileStarterContent/Maps/Minimal_Default.Minimal_Default:PersistentLevel.Minimal_Default' with GeneratedClass '/Game/MobileStarterContent/Maps/Minimal_Default.Minimal_Default_C' with ClassGeneratedBy '/Game/MobileStarterContent/Maps/Minimal_Default.Minimal_Default:PersistentLevel.Minimal_Default'
[2020.03.05-14.55.56:611][315]LogPlayLevel: PlayLevel: No blueprints needed recompiling
[2020.03.05-14.55.56:611][315]BlueprintLog: Warning: Blueprint failed to compile:  MainCameraActor_Blueprint
[2020.03.05-14.55.56:615][315]LogCustomDialog: Dialog displayed:
[2020.03.05-14.55.58:381][315]LogSlate: Window 'Blueprint Compilation Errors' being destroyed
[2020.03.05-14.55.59:561][453]LogSlate: Window 'Message Log' being destroyed
[2020.03.05-14.55.59:565][453]LogSlate: Window 'Message Log' being destroyed
[2020.03.05-14.56.02:594][803]LogAssetEditorManager: Opening Asset editor for Blueprint /Game/MainCameraActor_Blueprint.MainCameraActor_Blueprint
[2020.03.05-14.56.02:798][803]LogContentBrowser: Native class hierarchy updated for 'BlueprintGraph' in 0.0004 seconds. Added 121 classes and 0 folders.
[2020.03.05-14.56.03:506][803]LogSlate: Took 0.000185 seconds to synchronously load lazily loaded font '../../../Engine/Content/Slate/Fonts/Roboto-BoldCondensed.ttf' (158K)
[2020.03.05-14.56.03:710][804]LogSlate: Took 0.000420 seconds to synchronously load lazily loaded font '../../../Engine/Content/Slate/Fonts/Roboto-Italic.ttf' (157K)
[2020.03.05-15.01.50:426][128]LogEditorSessionSummary: EditorSessionSummary sent report. Type=Shutdown, SessionId={F425E86A-4EC2-4D92-E762-37BE281A6B67}
[2020.03.05-15.01.50:426][128]LogEditorSessionSummary: EditorSessionSummary sent report. Type=Shutdown, SessionId={E3CF84D7-458B-FAEF-85F7-36AF3152A286}
[2020.03.05-15.03.50:432][736]LogEditorSessionSummary: EditorSessionSummary sent report. Type=Shutdown, SessionId={719CF476-46A2-AD84-520C-B3B69B1595EB}
[2020.03.05-15.04.50:473][523]LogUObjectHash: Compacting FUObjectHashTables data took   3.05ms
[2020.03.05-15.04.50:604][523]LogSavePackage: Moving '../../../../projects/TankGame/Saved/Minimal_Default_Auto158304F644B41B0C2E800EC9F2A92852E.tmp' to '../../../../projects/TankGame/Saved/Autosaves/Game/MobileStarterContent/Maps/Minimal_Default_Auto1.umap'
[2020.03.05-15.04.50:606][523]LogFileHelpers: Editor autosave (incl. sublevels) for '/Game/MobileStarterContent/Maps/Minimal_Default' took 0.164
[2020.03.05-15.04.50:606][523]LogFileHelpers: Editor autosave (incl. sublevels) for all levels took 0.164
[2020.03.05-15.04.50:609][523]OBJ SavePackage: Generating thumbnails for [0] asset(s) in package [/Game/MainCameraActor_Blueprint] ([1] browsable assets)...
[2020.03.05-15.04.50:609][523]OBJ SavePackage: Finished generating thumbnails for package [/Game/MainCameraActor_Blueprint]
[2020.03.05-15.04.50:609][523]Cmd: OBJ SAVEPACKAGE PACKAGE="/Game/MainCameraActor_Blueprint" FILE="../../../../projects/TankGame/Saved/Autosaves/Game/MainCameraActor_Blueprint_Auto1.uasset" SILENT=false AUTOSAVING=true
[2020.03.05-15.04.50:663][523]LogSavePackage: Moving '../../../../projects/TankGame/Saved/MainCameraActor_Blueprint_Auto1D63A75D74DE178BD54CF6EA714E897A6.tmp' to '../../../../projects/TankGame/Saved/Autosaves/Game/MainCameraActor_Blueprint_Auto1.uasset'
[2020.03.05-15.04.50:663][523]LogFileHelpers: Auto-saving content packages took 0.055
[2020.03.05-15.04.50:684][524]LogEditorSessionSummary: EditorSessionSummary sent report. Type=Shutdown, SessionId={2A02611E-4EBD-5B95-76B9-83A3EFC6B859}
